Arguments: 
  /home/mk/.nvm/versions/node/v10.15.3/bin/node /home/mk/.nvm/versions/node/v10.15.3/bin/yarn init

PATH: 
  /home/mk/.rvm/gems/ruby-2.4.0/bin:/home/mk/.rvm/gems/ruby-2.4.0@global/bin:/home/mk/.rvm/rubies/ruby-2.4.0/bin:/home/mk/.nvm/versions/node/v10.15.3/bin:/home/mk/bin:/home/mk/.local/bin:/usr/local/sbin:/usr/local/bin:/usr/sbin:/usr/bin:/sbin:/bin:/usr/games:/usr/local/games:/snap/bin:/home/mk/.rvm/bin:/usr/share/code:/home/mk/Apps/helm:/home/mk/git-repos/helm-assembly/scripts:/usr/local/go/bin:/home/mk/go/bin:/home/linuxbrew/.linuxbrew/bin

Yarn version: 
  1.22.0

Node version: 
  10.15.3

Platform: 
  linux x64

Trace: 
  Error: canceled
      at Interface.<anonymous> (/home/mk/.nvm/versions/node/v10.15.3/lib/node_modules/yarn/lib/cli.js:136987:13)
      at Interface.emit (events.js:189:13)
      at Interface._ttyWrite (readline.js:783:16)
      at ReadStream.onkeypress (readline.js:168:10)
      at ReadStream.emit (events.js:189:13)
      at emitKeys (internal/readline.js:424:14)
      at emitKeys.next (<anonymous>)
      at ReadStream.onData (readline.js:1022:36)
      at ReadStream.emit (events.js:189:13)
      at addChunk (_stream_readable.js:284:12)

npm manifest: 
  No manifest

yarn manifest: 
  No manifest

Lockfile: 
  No lockfile
